<?xml version="1.0" encoding="UTF-8"?>
<!-- Generated by org.testng.reporters.JUnitReportReporter -->
<testsuite hostname="LAPTOP-POM6KTNO" failures="0" tests="2" name="mystore.testcases.TC_AccountLogin" time="4.041" errors="0" timestamp="2024-06-06T15:21:16 IST" skipped="0">
  <testcase classname="mystore.testcases.TC_AccountLogin" name="verifylogin" time="2.507"/>
  <system-out/>
  <testcase classname="mystore.testcases.TC_AccountLogin" name="LoginTest" time="1.534"/>
  <system-out/>
</testsuite> <!-- mystore.testcases.TC_AccountLogin -->
