<?xml version="1.0" encoding="UTF-8"?>
<!-- Generated by org.testng.reporters.JUnitReportReporter -->
<testsuite hostname="LAPTOP-POM6KTNO" failures="0" tests="2" name="mystore.testcases.TC_Searchproduct" time="1.145" errors="0" timestamp="2024-06-05T15:38:00 IST" skipped="0">
  <testcase classname="mystore.testcases.TC_Searchproduct" name="searchvalidproduct" time="0.706"/>
  <testcase classname="mystore.testcases.TC_Searchproduct" name="searchinvalidproduct" time="0.439"/>
</testsuite> <!-- mystore.testcases.TC_Searchproduct -->
