<?xml version="1.0" encoding="UTF-8"?>
<!-- Generated by org.testng.reporters.JUnitReportReporter -->
<testsuite hostname="LAPTOP-POM6KTNO" failures="0" tests="2" name="mystore.testcases.TC_AddProductToWishlist" time="24.174" errors="0" timestamp="2024-06-06T15:21:16 IST" skipped="0">
  <testcase classname="mystore.testcases.TC_AddProductToWishlist" name="AddToWishList" time="12.895"/>
  <system-out/>
  <testcase classname="mystore.testcases.TC_AddProductToWishlist" name="RemoveprdtfrmWishList" time="11.279"/>
  <system-out/>
</testsuite> <!-- mystore.testcases.TC_AddProductToWishlist -->
