<?xml version="1.0" encoding="UTF-8"?>
<!-- Generated by org.testng.reporters.JUnitReportReporter -->
<testsuite hostname="LAPTOP-POM6KTNO" failures="0" tests="1" name="mystore.testcases.TC_NavigationFlow" time="5.371" errors="0" timestamp="2024-06-06T15:21:16 IST" skipped="0">
  <testcase classname="mystore.testcases.TC_NavigationFlow" name="NavigationFlow" time="5.371"/>
  <system-out/>
</testsuite> <!-- mystore.testcases.TC_NavigationFlow -->
