<?xml version="1.0" encoding="UTF-8"?>
<!-- Generated by org.testng.reporters.JUnitReportReporter -->
<testsuite hostname="LAPTOP-POM6KTNO" failures="0" tests="2" name="mystore.testcases.TC_Searchproduct" time="0.962" errors="0" timestamp="2024-06-06T15:21:16 IST" skipped="0">
  <testcase classname="mystore.testcases.TC_Searchproduct" name="searchvalidproduct" time="0.511"/>
  <system-out/>
  <testcase classname="mystore.testcases.TC_Searchproduct" name="searchinvalidproduct" time="0.451"/>
  <system-out/>
</testsuite> <!-- mystore.testcases.TC_Searchproduct -->
