<?xml version="1.0" encoding="UTF-8"?>
<!-- Generated by org.testng.reporters.JUnitReportReporter -->
<testsuite hostname="LAPTOP-POM6KTNO" failures="0" tests="2" name="mystore.testcases.TC_Edit_information" time="11.622" errors="0" timestamp="2024-06-06T15:21:16 IST" skipped="0">
  <testcase classname="mystore.testcases.TC_Edit_information" name="Edit_Information" time="7.383"/>
  <system-out/>
  <testcase classname="mystore.testcases.TC_Edit_information" name="ChangePassword" time="4.239"/>
  <system-out/>
</testsuite> <!-- mystore.testcases.TC_Edit_information -->
